app/build/intermediates/manifest_merge_blame_file/debug/manifest-merger-blame-debug-report.txt
1<?xml version="1.0" encoding="utf-8"?>
2<manifest xmlns:android="http://schemas.android.com/apk/res/android"
3    package="com.example.quizapplication"
4    android:versionCode="1"
5    android:versionName="1.0" >
6
7    <uses-sdk
8        android:minSdkVersion="23"
8-->src\main\AndroidManifest.xml
9        android:targetSdkVersion="30" />
9-->src\main\AndroidManifest.xml
10
11    <application
11-->src\main\AndroidManifest.xml:5:5-38:19
12        android:allowBackup="true"
12-->src\main\AndroidManifest.xml:6:9-35
13        android:appComponentFactory="androidx.core.app.CoreComponentFactory"
13-->[androidx.core:core:1.5.0] AndroidManifest.xml:24:18-86
14        android:debuggable="true"
15        android:extractNativeLibs="false"
16        android:icon="@mipmap/ic_launcher"
16-->src\main\AndroidManifest.xml:7:9-43
17        android:label="@string/app_name"
17-->src\main\AndroidManifest.xml:8:9-41
18        android:roundIcon="@mipmap/ic_launcher_round"
18-->src\main\AndroidManifest.xml:9:9-54
19        android:supportsRtl="true"
19-->src\main\AndroidManifest.xml:10:9-35
20        android:testOnly="true"
21        android:theme="@style/Theme.QuizApplication" >
21-->src\main\AndroidManifest.xml:11:9-53
22        <activity
22-->src\main\AndroidManifest.xml:12:9-14:61
23            android:name="com.example.quizapplication.ResultActivity"
23-->src\main\AndroidManifest.xml:13:13-43
24            android:theme="@style/CustomNoActionBarTheme" />
24-->src\main\AndroidManifest.xml:14:13-58
25        <activity
25-->src\main\AndroidManifest.xml:15:9-17:61
26            android:name="com.example.quizapplication.MainActivity"
26-->src\main\AndroidManifest.xml:16:13-41
27            android:theme="@style/CustomNoActionBarTheme" />
27-->src\main\AndroidManifest.xml:17:13-58
28        <activity
28-->src\main\AndroidManifest.xml:18:9-21:55
29            android:name="com.example.quizapplication.SignUpActivity"
29-->src\main\AndroidManifest.xml:19:13-43
30            android:theme="@style/CustomNoActionBarTheme"
30-->src\main\AndroidManifest.xml:20:13-58
31            android:windowSoftInputMode="adjustPan" />
31-->src\main\AndroidManifest.xml:21:13-52
32        <activity
32-->src\main\AndroidManifest.xml:22:9-25:55
33            android:name="com.example.quizapplication.LoginActivity"
33-->src\main\AndroidManifest.xml:23:13-42
34            android:theme="@style/CustomNoActionBarTheme"
34-->src\main\AndroidManifest.xml:24:13-58
35            android:windowSoftInputMode="adjustPan" />
35-->src\main\AndroidManifest.xml:25:13-52
36        <activity
36-->src\main\AndroidManifest.xml:26:9-28:61
37            android:name="com.example.quizapplication.CategoryActivity"
37-->src\main\AndroidManifest.xml:27:13-45
38            android:theme="@style/CustomNoActionBarTheme" />
38-->src\main\AndroidManifest.xml:28:13-58
39        <activity
39-->src\main\AndroidManifest.xml:29:9-37:20
40            android:name="com.example.quizapplication.SplashScreen"
40-->src\main\AndroidManifest.xml:30:13-41
41            android:theme="@style/SplashScreenStyle" >
41-->src\main\AndroidManifest.xml:31:13-53
42            <intent-filter>
42-->src\main\AndroidManifest.xml:32:13-36:29
43                <action android:name="android.intent.action.MAIN" />
43-->src\main\AndroidManifest.xml:33:17-69
43-->src\main\AndroidManifest.xml:33:25-66
44
45                <category android:name="android.intent.category.LAUNCHER" />
45-->src\main\AndroidManifest.xml:35:17-77
45-->src\main\AndroidManifest.xml:35:27-74
46            </intent-filter>
47        </activity>
48    </application>
49
50</manifest>